  form_lab_2.cpp
C:\Users\Кирилл\source\repos\Labs\Labs\form_lab_2.h(289,35): warning C4244: =: преобразование "double" в "int", возможна потеря данных
  (компиляция исходного файла "form_lab_2.cpp")
  
C:\Users\Кирилл\source\repos\Labs\Labs\form_lab_2.h(290,35): warning C4244: =: преобразование "double" в "int", возможна потеря данных
  (компиляция исходного файла "form_lab_2.cpp")
  
C:\Users\Кирилл\source\repos\Labs\Labs\form_lab_2.h(291,35): warning C4244: =: преобразование "double" в "int", возможна потеря данных
  (компиляция исходного файла "form_lab_2.cpp")
  
C:\Users\Кирилл\source\repos\Labs\Labs\form_lab_2.h(327,15): warning C4244: инициализация: преобразование "double" в "int", возможна потеря данных
  (компиляция исходного файла "form_lab_2.cpp")
  
  form_main.cpp
C:\Users\Кирилл\source\repos\Labs\Labs\form_lab_1.h(297,13): warning C4244: инициализация: преобразование "double" в "int", возможна потеря данных
  (компиляция исходного файла "form_main.cpp")
  
C:\Users\Кирилл\source\repos\Labs\Labs\form_lab_1.h(311,35): warning C4101: ex: неиспользованная локальная переменная
  (компиляция исходного файла "form_main.cpp")
  
C:\Users\Кирилл\source\repos\Labs\Labs\form_lab_2.h(289,35): warning C4244: =: преобразование "double" в "int", возможна потеря данных
  (компиляция исходного файла "form_main.cpp")
  
C:\Users\Кирилл\source\repos\Labs\Labs\form_lab_2.h(290,35): warning C4244: =: преобразование "double" в "int", возможна потеря данных
  (компиляция исходного файла "form_main.cpp")
  
C:\Users\Кирилл\source\repos\Labs\Labs\form_lab_2.h(291,35): warning C4244: =: преобразование "double" в "int", возможна потеря данных
  (компиляция исходного файла "form_main.cpp")
  
C:\Users\Кирилл\source\repos\Labs\Labs\form_lab_2.h(327,15): warning C4244: инициализация: преобразование "double" в "int", возможна потеря данных
  (компиляция исходного файла "form_main.cpp")
  
  Создание кода...
  form_1prom.obj : обнаружен модуль MSIL; для MSIL последовательная компоновка отключена; выполняется полная компоновка
  Labs.vcxproj -> C:\Users\Кирилл\source\repos\Labs\x64\Debug\Labs.exe
